Arguments: 
  /usr/local/Cellar/node/14.1.0/bin/node /usr/local/Cellar/yarn/1.22.4/libexec/bin/yarn.js add express lobdb

PATH: 
  /usr/local/opt/openjdk/bin:/usr/local/opt/icu4c/sbin:/usr/local/opt/icu4c/bin:/Users/masiuciszek/.cabal/bin:/Users/masiuciszek/.ghcup/bin:/usr/local/opt/node@8/bin:/usr/local/opt/node@8/bin:/usr/local/opt/node@8/bin:/Users/masiuciszek/.cargo/bin:/Applications/mampstack-7.2.14-0/php/bin:/Applications/mampstack-7.2.14-0/mysql/bin:/usr/local/bin:/usr/bin:/bin:/usr/sbin:/sbin:/Users/masiuciszek/.composer/vendor/bin:/usr/local/go/bin:/usr/local/share/dotnet:~/.dotnet/tools:/Library/Apple/usr/bin:/Library/Frameworks/Mono.framework/Versions/Current/Commands

Yarn version: 
  1.22.4

Node version: 
  14.1.0

Platform: 
  darwin x64

Trace: 
  Error: https://registry.yarnpkg.com/lobdb: Not found
      at Request.params.callback [as _callback] (/usr/local/Cellar/yarn/1.22.4/libexec/lib/cli.js:66987:18)
      at Request.self.callback (/usr/local/Cellar/yarn/1.22.4/libexec/lib/cli.js:140748:22)
      at Request.emit (events.js:315:20)
      at Request.<anonymous> (/usr/local/Cellar/yarn/1.22.4/libexec/lib/cli.js:141720:10)
      at Request.emit (events.js:315:20)
      at IncomingMessage.<anonymous> (/usr/local/Cellar/yarn/1.22.4/libexec/lib/cli.js:141642:12)
      at Object.onceWrapper (events.js:421:28)
      at IncomingMessage.emit (events.js:327:22)
      at endReadableNT (_stream_readable.js:1223:12)
      at processTicksAndRejections (internal/process/task_queues.js:84:21)

npm manifest: 
  {
    "name": "server",
    "version": "1.0.0",
    "main": "index.js",
    "license": "MIT"
  }

yarn manifest: 
  No manifest

Lockfile: 
  No lockfile
